0 info it worked if it ends with ok
1 verbose cli [ 'C:\\Program Files\\nodejs\\node.exe',
1 verbose cli   'C:\\Program Files\\nodejs\\node_modules\\npm\\bin\\npm-cli.js',
1 verbose cli   'install',
1 verbose cli   'bootstrap-3.3.6-dist/' ]
2 info using npm@2.15.0
3 info using node@v4.4.2
4 verbose install initial load of C:\Users\Hercules Karkow\Desktop\DicionarioOnto\package.json
5 verbose readDependencies loading dependencies from C:\Users\Hercules Karkow\Desktop\DicionarioOnto\package.json
6 silly cache add args [ 'bootstrap-3.3.6-dist/', null ]
7 verbose cache add spec bootstrap-3.3.6-dist/
8 silly cache add parsed spec Result {
8 silly cache add   raw: 'bootstrap-3.3.6-dist/',
8 silly cache add   scope: null,
8 silly cache add   name: null,
8 silly cache add   rawSpec: 'bootstrap-3.3.6-dist/',
8 silly cache add   spec: 'C:\\Users\\Hercules Karkow\\Desktop\\DicionarioOnto\\bootstrap-3.3.6-dist',
8 silly cache add   type: 'local' }
9 error addLocal Could not install C:\Users\Hercules Karkow\Desktop\DicionarioOnto\bootstrap-3.3.6-dist
10 verbose stack Error: EISDIR: illegal operation on a directory, read
10 verbose stack     at Error (native)
11 verbose cwd C:\Users\Hercules Karkow\Desktop\DicionarioOnto
12 error Windows_NT 10.0.10586
13 error argv "C:\\Program Files\\nodejs\\node.exe" "C:\\Program Files\\nodejs\\node_modules\\npm\\bin\\npm-cli.js" "install" "bootstrap-3.3.6-dist/"
14 error node v4.4.2
15 error npm  v2.15.0
16 error code EISDIR
17 error errno -4068
18 error syscall read
19 error eisdir EISDIR: illegal operation on a directory, read
19 error eisdir This is most likely not a problem with npm itself
19 error eisdir and is related to npm not being able to find a package.json in
19 error eisdir a package you are trying to install.
20 verbose exit [ -4068, true ]
